请求url:www.baidu.com
请求参数:age=3&name=zhangsan
请求时间：2020-11-21 05:46:01

请求url:www.baidu.com
请求参数:age=3&name=zhangsan
请求时间：2020-11-21 05:46:02

请求url:www.baidu.com
请求参数:age=3&name=zhangsan
请求时间：2020-11-21 05:46:03

请求url:www.baidu.com
请求参数:age=3&name=zhangsan
请求时间：2020-11-21 05:46:04

请求url:www.baidu.com
请求参数:age=3&name=zhangsan
请求时间：2020-11-21 05:46:05

请求url:www.baidu.com
请求参数:age=3&name=zhangsan
请求时间：2020-11-21 05:47:03

请求url:www.baidu.com
请求参数:age=3&name=zhangsan
请求时间：2020-11-21 05:47:07

请求url:www.baidu.com
请求参数:age=3&name=zhangsan
请求时间：2020-11-21 05:47:08

请求url:www.baidu.com
请求参数:age=3&name=zhangsan
请求时间：2020-11-21 05:47:10

请求url:www.baidu.com
请求参数:age=3&name=zhangsan
请求时间：2020-11-21 05:47:11

请求url:www.baidu.com
请求参数:age=3&name=zhangsan
请求时间：2020-11-21 05:47:12

请求url:www.baidu.com
请求参数:age=3&name=zhangsan
请求时间：2020-11-21 05:47:13

请求url:www.baidu.com
请求参数:age=3&name=zhangsan
请求时间：2020-11-21 05:47:15

请求url:www.baidu.com
请求参数:age=3&name=zhangsan
请求时间：2020-11-21 05:47:15

请求url:www.baidu.com
请求参数:age=3&name=zhangsan
请求时间：2020-11-21 05:47:16

请求url:www.baidu.com
请求参数:age=3&name=zhangsan
请求时间：2020-11-21 05:47:17

请求url:www.baidu.com
请求参数:age=3&name=zhangsan
请求时间：2020-11-21 05:47:18

请求url:www.baidu.com
请求参数:age=3&name=zhangsan
请求时间：2020-11-21 05:47:18

请求url:www.baidu.com
请求参数:age=3&name=zhangsan
请求时间：2020-11-21 05:47:19

请求url:www.baidu.com
请求参数:age=3&name=zhangsan
请求时间：2020-11-21 05:47:20

请求url:www.baidu.com
请求参数:age=3&name=zhangsan
请求时间：2020-11-21 05:47:22

请求url:www.baidu.com
请求参数:
请求时间：2021-01-15 14:55:55

请求url:www.baidu.com
请求参数:323
请求时间：2021-01-15 14:56:25

请求url:www.baidu.com
请求参数:fsaf
请求时间：2021-01-15 14:57:33

请求url:www.baidu.com
请求参数:fsaf
请求时间：2021-01-15 14:58:47

